# JRE version: 7.0_07-b10
# Java VM: Java HotSpot(TM) 64-Bit Server VM (23.3-b01 mixed mode bsd-amd64 compressed oops)
Heap
 PSYoungGen      total 54272K, used 35520K [0x00000007e7e00000, 0x00000007ed9b0000, 0x0000000800000000)
  eden space 35520K, 100% used [0x00000007e7e00000,0x00000007ea0b0000,0x00000007ea0b0000)
  from space 18752K, 0% used [0x00000007ec760000,0x00000007ec760000,0x00000007ed9b0000)
  to   space 29184K, 1% used [0x00000007ea0b0000,0x00000007ea108000,0x00000007ebd30000)
 ParOldGen       total 156032K, used 42930K [0x00000007b7a00000, 0x00000007c1260000, 0x00000007e7e00000)
  object space 156032K, 27% used [0x00000007b7a00000,0x00000007ba3ecb10,0x00000007c1260000)
 PSPermGen       total 42944K, used 21657K [0x00000007b2800000, 0x00000007b51f0000, 0x00000007b7a00000)
  object space 42944K, 50% used [0x00000007b2800000,0x00000007b3d26508,0x00000007b51f0000)
GC Heap History (10 events):
Event: 7.353 GC heap after
Heap after GC invocations=5 (full 1):
 PSYoungGen      total 29568K, used 2280K [0x00000007e7e00000, 0x00000007ea420000, 0x0000000800000000)
  eden space 26496K, 0% used [0x00000007e7e00000,0x00000007e7e00000,0x00000007e97e0000)
  from space 3072K, 74% used [0x00000007e9ae0000,0x00000007e9d1a290,0x00000007e9de0000)
  to   space 3072K, 0% used [0x00000007e97e0000,0x00000007e97e0000,0x00000007e9ae0000)
 ParOldGen       total 76992K, used 57584K [0x00000007b7a00000, 0x00000007bc530000, 0x00000007e7e00000)
  object space 76992K, 74% used [0x00000007b7a00000,0x00000007bb23c180,0x00000007bc530000)
 PSPermGen       total 36736K, used 20767K [0x00000007b2800000, 0x00000007b4be0000, 0x00000007b7a00000)
  object space 36736K, 56% used [0x00000007b2800000,0x00000007b3c47c20,0x00000007b4be0000)
}
Event: 7.353 GC heap before
{Heap before GC invocations=6 (full 2):
 PSYoungGen      total 29568K, used 2280K [0x00000007e7e00000, 0x00000007ea420000, 0x0000000800000000)
  eden space 26496K, 0% used [0x00000007e7e00000,0x00000007e7e00000,0x00000007e97e0000)
  from space 3072K, 74% used [0x00000007e9ae0000,0x00000007e9d1a290,0x00000007e9de0000)
  to   space 3072K, 0% used [0x00000007e97e0000,0x00000007e97e0000,0x00000007e9ae0000)
 ParOldGen       total 76992K, used 57584K [0x00000007b7a00000, 0x00000007bc530000, 0x00000007e7e00000)
  object space 76992K, 74% used [0x00000007b7a00000,0x00000007bb23c180,0x00000007bc530000)
 PSPermGen       total 36736K, used 20767K [0x00000007b2800000, 0x00000007b4be0000, 0x00000007b7a00000)
  object space 36736K, 56% used [0x00000007b2800000,0x00000007b3c47c20,0x00000007b4be0000)
Event: 7.400 GC heap after
Heap after GC invocations=6 (full 2):
 PSYoungGen      total 29568K, used 0K [0x00000007e7e00000, 0x00000007ea420000, 0x0000000800000000)
  eden space 26496K, 0% used [0x00000007e7e00000,0x00000007e7e00000,0x00000007e97e0000)
  from space 3072K, 0% used [0x00000007e9ae0000,0x00000007e9ae0000,0x00000007e9de0000)
  to   space 3072K, 0% used [0x00000007e97e0000,0x00000007e97e0000,0x00000007e9ae0000)
 ParOldGen       total 97024K, used 19724K [0x00000007b7a00000, 0x00000007bd8c0000, 0x00000007e7e00000)
  object space 97024K, 20% used [0x00000007b7a00000,0x00000007b8d43148,0x00000007bd8c0000)
 PSPermGen       total 43008K, used 20766K [0x00000007b2800000, 0x00000007b5200000, 0x00000007b7a00000)
  object space 43008K, 48% used [0x00000007b2800000,0x00000007b3c47858,0x00000007b5200000)
}
Event: 7.769 GC heap before
{Heap before GC invocations=7 (full 2):
 PSYoungGen      total 29568K, used 26496K [0x00000007e7e00000, 0x00000007ea420000, 0x0000000800000000)
  eden space 26496K, 100% used [0x00000007e7e00000,0x00000007e97e0000,0x00000007e97e0000)
  from space 3072K, 0% used [0x00000007e9ae0000,0x00000007e9ae0000,0x00000007e9de0000)
  to   space 3072K, 0% used [0x00000007e97e0000,0x00000007e97e0000,0x00000007e9ae0000)
 ParOldGen       total 97024K, used 19724K [0x00000007b7a00000, 0x00000007bd8c0000, 0x00000007e7e00000)
  object space 97024K, 20% used [0x00000007b7a00000,0x00000007b8d43148,0x00000007bd8c0000)
 PSPermGen       total 43008K, used 20820K [0x00000007b2800000, 0x00000007b5200000, 0x00000007b7a00000)
  object space 43008K, 48% used [0x00000007b2800000,0x00000007b3c55148,0x00000007b5200000)
Event: 7.790 GC heap after
Heap after GC invocations=7 (full 2):
 PSYoungGen      total 29568K, used 128K [0x00000007e7e00000, 0x00000007ee5b0000, 0x0000000800000000)
  eden space 26496K, 0% used [0x00000007e7e00000,0x00000007e7e00000,0x00000007e97e0000)
  from space 3072K, 4% used [0x00000007e97e0000,0x00000007e9800000,0x00000007e9ae0000)
  to   space 31040K, 0% used [0x00000007ec760000,0x00000007ec760000,0x00000007ee5b0000)
 ParOldGen       total 97024K, used 73851K [0x00000007b7a00000, 0x00000007bd8c0000, 0x00000007e7e00000)
  object space 97024K, 76% used [0x00000007b7a00000,0x00000007bc21efb8,0x00000007bd8c0000)
 PSPermGen       total 43008K, used 20820K [0x00000007b2800000, 0x00000007b5200000, 0x00000007b7a00000)
  object space 43008K, 48% used [0x00000007b2800000,0x00000007b3c55148,0x00000007b5200000)
}
Event: 7.790 GC heap before
{Heap before GC invocations=8 (full 3):
 PSYoungGen      total 29568K, used 128K [0x00000007e7e00000, 0x00000007ee5b0000, 0x0000000800000000)
  eden space 26496K, 0% used [0x00000007e7e00000,0x00000007e7e00000,0x00000007e97e0000)
  from space 3072K, 4% used [0x00000007e97e0000,0x00000007e9800000,0x00000007e9ae0000)
  to   space 31040K, 0% used [0x00000007ec760000,0x00000007ec760000,0x00000007ee5b0000)
 ParOldGen       total 97024K, used 73851K [0x00000007b7a00000, 0x00000007bd8c0000, 0x00000007e7e00000)
  object space 97024K, 76% used [0x00000007b7a00000,0x00000007bc21efb8,0x00000007bd8c0000)
 PSPermGen       total 43008K, used 20820K [0x00000007b2800000, 0x00000007b5200000, 0x00000007b7a00000)
  object space 43008K, 48% used [0x00000007b2800000,0x00000007b3c55148,0x00000007b5200000)
Event: 7.846 GC heap after
Heap after GC invocations=8 (full 3):
 PSYoungGen      total 29568K, used 0K [0x00000007e7e00000, 0x00000007ee5b0000, 0x0000000800000000)
  eden space 26496K, 0% used [0x00000007e7e00000,0x00000007e7e00000,0x00000007e97e0000)
  from space 3072K, 0% used [0x00000007e97e0000,0x00000007e97e0000,0x00000007e9ae0000)
  to   space 31040K, 0% used [0x00000007ec760000,0x00000007ec760000,0x00000007ee5b0000)
 ParOldGen       total 156032K, used 42930K [0x00000007b7a00000, 0x00000007c1260000, 0x00000007e7e00000)
  object space 156032K, 27% used [0x00000007b7a00000,0x00000007ba3ecb10,0x00000007c1260000)
 PSPermGen       total 42944K, used 20820K [0x00000007b2800000, 0x00000007b51f0000, 0x00000007b7a00000)
  object space 42944K, 48% used [0x00000007b2800000,0x00000007b3c55148,0x00000007b51f0000)
}
Event: 7.898 GC heap before
{Heap before GC invocations=9 (full 3):
 PSYoungGen      total 29568K, used 26496K [0x00000007e7e00000, 0x00000007ee5b0000, 0x0000000800000000)
  eden space 26496K, 100% used [0x00000007e7e00000,0x00000007e97e0000,0x00000007e97e0000)
  from space 3072K, 0% used [0x00000007e97e0000,0x00000007e97e0000,0x00000007e9ae0000)
  to   space 31040K, 0% used [0x00000007ec760000,0x00000007ec760000,0x00000007ee5b0000)
 ParOldGen       total 156032K, used 42930K [0x00000007b7a00000, 0x00000007c1260000, 0x00000007e7e00000)
  object space 156032K, 27% used [0x00000007b7a00000,0x00000007ba3ecb10,0x00000007c1260000)
 PSPermGen       total 42944K, used 20820K [0x00000007b2800000, 0x00000007b51f0000, 0x00000007b7a00000)
  object space 42944K, 48% used [0x00000007b2800000,0x00000007b3c55148,0x00000007b51f0000)
Event: 7.899 GC heap after
Heap after GC invocations=9 (full 3):
 PSYoungGen      total 54272K, used 0K [0x00000007e7e00000, 0x00000007ed9b0000, 0x0000000800000000)
  eden space 35520K, 0% used [0x00000007e7e00000,0x00000007e7e00000,0x00000007ea0b0000)
  from space 18752K, 0% used [0x00000007ec760000,0x00000007ec760000,0x00000007ed9b0000)
  to   space 29184K, 0% used [0x00000007ea0b0000,0x00000007ea0b0000,0x00000007ebd30000)
 ParOldGen       total 156032K, used 42930K [0x00000007b7a00000, 0x00000007c1260000, 0x00000007e7e00000)
  object space 156032K, 27% used [0x00000007b7a00000,0x00000007ba3ecb10,0x00000007c1260000)
 PSPermGen       total 42944K, used 20820K [0x00000007b2800000, 0x00000007b51f0000, 0x00000007b7a00000)
  object space 42944K, 48% used [0x00000007b2800000,0x00000007b3c55148,0x00000007b51f0000)
}
Event: 8.689 GC heap before
{Heap before GC invocations=10 (full 3):
 PSYoungGen      total 54272K, used 35520K [0x00000007e7e00000, 0x00000007ed9b0000, 0x0000000800000000)
  eden space 35520K, 100% used [0x00000007e7e00000,0x00000007ea0b0000,0x00000007ea0b0000)
  from space 18752K, 0% used [0x00000007ec760000,0x00000007ec760000,0x00000007ed9b0000)
  to   space 29184K, 0% used [0x00000007ea0b0000,0x00000007ea0b0000,0x00000007ebd30000)
 ParOldGen       total 156032K, used 42930K [0x00000007b7a00000, 0x00000007c1260000, 0x00000007e7e00000)
  object space 156032K, 27% used [0x00000007b7a00000,0x00000007ba3ecb10,0x00000007c1260000)
 PSPermGen       total 42944K, used 21657K [0x00000007b2800000, 0x00000007b51f0000, 0x00000007b7a00000)
  object space 42944K, 50% used [0x00000007b2800000,0x00000007b3d26508,0x00000007b51f0000)

